[07:40:48] [Client thread/INFO]: Setting user: Player666
[07:40:53] [Client thread/INFO]: LWJGL Version: 2.9.2
[07:40:57] [Client thread/INFO]: Reloading ResourceManager: Default, FMLFileResourcePack:Forge Mod Loader, FMLFileResourcePack:Minecraft Forge, FMLFileResourcePack:The Better Beds Mod
[07:40:59] [Sound Library Loader/INFO]: Starting up SoundSystem...
[07:41:00] [Thread-6/INFO]: Initializing LWJGL OpenAL
[07:41:00] [Thread-6/INFO]: (The LWJGL binding of OpenAL.  For more information, see http://www.lwjgl.org)
[07:41:00] [Thread-6/INFO]: OpenAL initialized.
[07:41:00] [Sound Library Loader/INFO]: Sound engine started
[07:41:03] [Client thread/INFO]: Created: 16x16 textures-atlas
[07:41:04] [Client thread/INFO]: Reloading ResourceManager: Default, FMLFileResourcePack:Forge Mod Loader, FMLFileResourcePack:Minecraft Forge, FMLFileResourcePack:The Better Beds Mod
[07:41:05] [Client thread/INFO]: SoundSystem shutting down...
[07:41:06] [Client thread/WARN]: Author: Paul Lamb, www.paulscode.com
[07:41:06] [Sound Library Loader/INFO]: Starting up SoundSystem...
[07:41:06] [Thread-8/INFO]: Initializing LWJGL OpenAL
[07:41:06] [Thread-8/INFO]: (The LWJGL binding of OpenAL.  For more information, see http://www.lwjgl.org)
[07:41:06] [Thread-8/INFO]: OpenAL initialized.
[07:41:06] [Sound Library Loader/INFO]: Sound engine started
[07:41:08] [Client thread/INFO]: Created: 512x512 textures-atlas
[07:41:11] [Realms Notification Availability checker #1/INFO]: Could not authorize you against Realms server: Invalid session id
[07:41:20] [Server thread/INFO]: Starting integrated minecraft server version 1.11.2
[07:41:20] [Server thread/INFO]: Generating keypair
[07:41:22] [Server thread/INFO]: Preparing start region for level 0
[07:41:23] [Server thread/INFO]: Preparing spawn area: 5%
[07:41:24] [Server thread/INFO]: Preparing spawn area: 10%
[07:41:25] [Server thread/INFO]: Preparing spawn area: 17%
[07:41:26] [Server thread/INFO]: Preparing spawn area: 27%
[07:41:27] [Server thread/INFO]: Preparing spawn area: 36%
[07:41:28] [Server thread/INFO]: Preparing spawn area: 39%
[07:41:29] [Server thread/INFO]: Preparing spawn area: 51%
[07:41:30] [Server thread/INFO]: Preparing spawn area: 59%
[07:41:31] [Server thread/INFO]: Preparing spawn area: 70%
[07:41:32] [Server thread/INFO]: Preparing spawn area: 79%
[07:41:33] [Server thread/INFO]: Preparing spawn area: 89%
[07:41:34] [Server thread/INFO]: Changing view distance to 12, from 10
[07:41:35] [Server thread/INFO]: Player666[local:E:7e63b076] logged in with entity id 2525 at (257.5, 68.0, 252.5)
[07:41:35] [Server thread/INFO]: Player666 joined the game
[07:41:37] [pool-2-thread-1/WARN]: Couldn't look up profile properties for com.mojang.authlib.GameProfile@7c0da45[id=825162a0-782b-3bd7-995d-a72551a0b3e8,name=Player666,properties={},legacy=false]
com.mojang.authlib.exceptions.AuthenticationException: The client has sent too many requests within a certain amount of time
	at com.mojang.authlib.yggdrasil.YggdrasilAuthenticationService.makeRequest(YggdrasilAuthenticationService.java:79) ~[YggdrasilAuthenticationService.class:?]
	at com.mojang.authlib.yggdrasil.YggdrasilMinecraftSessionService.fillGameProfile(YggdrasilMinecraftSessionService.java:180) [YggdrasilMinecraftSessionService.class:?]
	at com.mojang.authlib.yggdrasil.YggdrasilMinecraftSessionService$1.load(YggdrasilMinecraftSessionService.java:60) [YggdrasilMinecraftSessionService$1.class:?]
	at com.mojang.authlib.yggdrasil.YggdrasilMinecraftSessionService$1.load(YggdrasilMinecraftSessionService.java:57) [YggdrasilMinecraftSessionService$1.class:?]
	at com.google.common.cache.LocalCache$LoadingValueReference.loadFuture(LocalCache.java:3524) [guava-17.0.jar:?]
	at com.google.common.cache.LocalCache$Segment.loadSync(LocalCache.java:2317) [guava-17.0.jar:?]
	at com.google.common.cache.LocalCache$Segment.lockedGetOrLoad(LocalCache.java:2280) [guava-17.0.jar:?]
	at com.google.common.cache.LocalCache$Segment.get(LocalCache.java:2195) [guava-17.0.jar:?]
	at com.google.common.cache.LocalCache.get(LocalCache.java:3934) [guava-17.0.jar:?]
	at com.google.common.cache.LocalCache.getOrLoad(LocalCache.java:3938) [guava-17.0.jar:?]
	at com.google.common.cache.LocalCache$LocalLoadingCache.get(LocalCache.java:4821) [guava-17.0.jar:?]
	at com.google.common.cache.LocalCache$LocalLoadingCache.getUnchecked(LocalCache.java:4827) [guava-17.0.jar:?]
	at com.mojang.authlib.yggdrasil.YggdrasilMinecraftSessionService.fillProfileProperties(YggdrasilMinecraftSessionService.java:170) [YggdrasilMinecraftSessionService.class:?]
	at net.minecraft.client.Minecraft.getProfileProperties(Minecraft.java:3056) [Minecraft.class:?]
	at net.minecraft.client.resources.SkinManager$3.run(SkinManager.java:138) [SkinManager$3.class:?]
	at java.util.concurrent.Executors$RunnableAdapter.call(Executors.java:511) [?:1.8.0_131]
	at java.util.concurrent.FutureTask.run(FutureTask.java:266) [?:1.8.0_131]
	at java.util.concurrent.ThreadPoolExecutor.runWorker(ThreadPoolExecutor.java:1142) [?:1.8.0_131]
	at java.util.concurrent.ThreadPoolExecutor$Worker.run(ThreadPoolExecutor.java:617) [?:1.8.0_131]
	at java.lang.Thread.run(Thread.java:748) [?:1.8.0_131]
[07:41:40] [Server thread/WARN]: Can't keep up! Did the system time change, or is the server overloaded? Running 4649ms behind, skipping 92 tick(s)
[07:41:41] [Server thread/INFO]: Player666 has just earned the achievement [Taking Inventory]
[07:41:41] [Client thread/INFO]: [CHAT] Player666 has just earned the achievement [Taking Inventory]
[07:41:46] [Server thread/INFO]: Saving and pausing game...
[07:41:47] [Server thread/INFO]: Saving chunks for level 'New World'/Overworld
[07:41:47] [Server thread/INFO]: Saving chunks for level 'New World'/Nether
[07:41:47] [Server thread/INFO]: Saving chunks for level 'New World'/The End
[07:41:47] [Server thread/INFO]: Stopping server
[07:41:47] [Server thread/INFO]: Saving players
[07:41:47] [Server thread/INFO]: Player666 lost connection: TextComponent{text='Disconnected', siblings=[], style=Style{hasParent=false, color=null, bold=null, italic=null, underlined=null, obfuscated=null, clickEvent=null, hoverEvent=null, insertion=null}}
[07:41:47] [Server thread/INFO]: Player666 left the game
[07:41:47] [Server thread/INFO]: Stopping singleplayer server as player logged out
[07:41:47] [Server thread/INFO]: Saving worlds
[07:41:47] [Server thread/INFO]: Saving chunks for level 'New World'/Overworld
[07:41:47] [Server thread/INFO]: Saving chunks for level 'New World'/Nether
[07:41:47] [Server thread/INFO]: Saving chunks for level 'New World'/The End
[07:41:49] [Client thread/INFO]: Stopping!
[07:41:49] [Client thread/INFO]: SoundSystem shutting down...
[07:41:49] [Client thread/WARN]: Author: Paul Lamb, www.paulscode.com
